c:\users\upal\desktop\projects_v10.1.14\puea\x86\cognitiveradio\debug\vc140.pdb
c:\users\upal\desktop\projects_v10.1.14\puea\x86\cognitiveradio\debug\vc140.idb
c:\users\upal\desktop\projects_v10.1.14\puea\x86\cognitiveradio\debug\802_22.obj
c:\users\upal\desktop\projects_v10.1.14\puea\x86\cognitiveradio\debug\dcd.obj
c:\users\upal\desktop\projects_v10.1.14\puea\x86\cognitiveradio\debug\dsframe.obj
c:\users\upal\desktop\projects_v10.1.14\puea\x86\cognitiveradio\debug\dsmap.obj
c:\users\upal\desktop\projects_v10.1.14\puea\x86\cognitiveradio\debug\dsx.obj
c:\users\upal\desktop\projects_v10.1.14\puea\x86\cognitiveradio\debug\fch.obj
c:\users\upal\desktop\projects_v10.1.14\puea\x86\cognitiveradio\debug\fragmentation.obj
c:\users\upal\desktop\projects_v10.1.14\puea\x86\cognitiveradio\debug\incumbent.obj
c:\users\upal\desktop\projects_v10.1.14\puea\x86\cognitiveradio\debug\ofdma.obj
c:\users\upal\desktop\projects_v10.1.14\puea\x86\cognitiveradio\debug\packetforward.obj
c:\users\upal\desktop\projects_v10.1.14\puea\x86\cognitiveradio\debug\propagationmodel.obj
c:\users\upal\desktop\projects_v10.1.14\puea\x86\cognitiveradio\debug\sch.obj
c:\users\upal\desktop\projects_v10.1.14\puea\x86\cognitiveradio\debug\spectrummanager.obj
c:\users\upal\desktop\projects_v10.1.14\puea\x86\cognitiveradio\debug\ucd.obj
c:\users\upal\desktop\projects_v10.1.14\puea\x86\cognitiveradio\debug\usframe.obj
c:\users\upal\desktop\projects_v10.1.14\puea\x86\cognitiveradio\debug\usmap.obj
c:\users\upal\desktop\projects_v10.1.14\puea\x86\dll\cognitiveradio.lib
c:\users\upal\desktop\projects_v10.1.14\puea\x86\dll\cognitiveradio.exp
c:\users\upal\desktop\projects_v10.1.14\puea\x86\dll\libcognitiveradio.dll
c:\users\upal\desktop\projects_v10.1.14\puea\x86\dll\cognitiveradio.pdb
c:\users\upal\desktop\v10.1.17\puea\32bit\code\cognitiveradio\debug\802_22.obj
c:\users\upal\desktop\v10.1.17\puea\32bit\code\cognitiveradio\debug\dcd.obj
c:\users\upal\desktop\v10.1.17\puea\32bit\code\cognitiveradio\debug\dsframe.obj
c:\users\upal\desktop\v10.1.17\puea\32bit\code\cognitiveradio\debug\dsmap.obj
c:\users\upal\desktop\v10.1.17\puea\32bit\code\cognitiveradio\debug\dsx.obj
c:\users\upal\desktop\v10.1.17\puea\32bit\code\cognitiveradio\debug\fch.obj
c:\users\upal\desktop\v10.1.17\puea\32bit\code\cognitiveradio\debug\fragmentation.obj
c:\users\upal\desktop\v10.1.17\puea\32bit\code\cognitiveradio\debug\incumbent.obj
c:\users\upal\desktop\v10.1.17\puea\32bit\code\cognitiveradio\debug\ofdma.obj
c:\users\upal\desktop\v10.1.17\puea\32bit\code\cognitiveradio\debug\packetforward.obj
c:\users\upal\desktop\v10.1.17\puea\32bit\code\cognitiveradio\debug\propagationmodel.obj
c:\users\upal\desktop\v10.1.17\puea\32bit\code\cognitiveradio\debug\sch.obj
c:\users\upal\desktop\v10.1.17\puea\32bit\code\cognitiveradio\debug\spectrummanager.obj
c:\users\upal\desktop\v10.1.17\puea\32bit\code\cognitiveradio\debug\ucd.obj
c:\users\upal\desktop\v10.1.17\puea\32bit\code\cognitiveradio\debug\usframe.obj
c:\users\upal\desktop\v10.1.17\puea\32bit\code\cognitiveradio\debug\usmap.obj
c:\users\upal\desktop\v10.1.17\puea\32bit\code\cognitiveradio\debug\vc140.idb
c:\users\upal\desktop\v10.1.17\puea\32bit\code\cognitiveradio\debug\vc140.pdb
c:\users\upal\desktop\v10.1.17\puea\32bit\code\cognitiveradio\debug\cognitiveradio.tlog\cl.command.1.tlog
c:\users\upal\desktop\v10.1.17\puea\32bit\code\cognitiveradio\debug\cognitiveradio.tlog\cl.read.1.tlog
c:\users\upal\desktop\v10.1.17\puea\32bit\code\cognitiveradio\debug\cognitiveradio.tlog\cl.write.1.tlog
c:\users\upal\desktop\v10.1.17\puea\32bit\code\cognitiveradio\debug\cognitiveradio.tlog\cognitiveradio.write.1u.tlog
c:\users\upal\desktop\v10.1.17\puea\32bit\code\cognitiveradio\debug\cognitiveradio.tlog\link.command.1.tlog
c:\users\upal\desktop\v10.1.17\puea\32bit\code\cognitiveradio\debug\cognitiveradio.tlog\link.read.1.tlog
c:\users\upal\desktop\v10.1.17\puea\32bit\code\cognitiveradio\debug\cognitiveradio.tlog\link.write.1.tlog
